<?xml version="1.0" encoding="UTF-8"?>
<coverage generated="1597997019635" clover="3.2.0">
  <project timestamp="1597997019635" name="All files">
    <metrics statements="18" coveredstatements="14" conditionals="12" coveredconditionals="7" methods="1" coveredmethods="1" elements="31" coveredelements="22" complexity="0" loc="18" ncloc="18" packages="1" files="1" classes="1"/>
    <file name="test.ts" path="F:\study\webpack-vue\src\test.ts">
      <metrics statements="18" coveredstatements="14" conditionals="12" coveredconditionals="7" methods="1" coveredmethods="1"/>
      <line num="2" count="1" type="stmt"/>
      <line num="3" count="2" type="stmt"/>
      <line num="5" count="2" type="stmt"/>
      <line num="6" count="2" type="stmt"/>
      <line num="7" count="2" type="stmt"/>
      <line num="8" count="6" type="cond" truecount="1" falsecount="1"/>
      <line num="9" count="6" type="stmt"/>
      <line num="11" count="6" type="cond" truecount="2" falsecount="2"/>
      <line num="12" count="0" type="stmt"/>
      <line num="15" count="2" type="stmt"/>
      <line num="18" count="2" type="cond" truecount="1" falsecount="1"/>
      <line num="19" count="0" type="stmt"/>
      <line num="20" count="0" type="stmt"/>
      <line num="23" count="2" type="stmt"/>
      <line num="24" count="2" type="stmt"/>
      <line num="27" count="2" type="cond" truecount="3" falsecount="1"/>
      <line num="28" count="0" type="stmt"/>
      <line num="30" count="2" type="stmt"/>
    </file>
  </project>
</coverage>
