{"F:\\study\\webpack-vue\\src\\test.ts": {"path":"F:\\study\\webpack-vue\\src\\test.ts","statementMap":{"0":{"start":{"line":3,"column":17},"end":{"line":3,"column":44}},"1":{"start":{"line":5,"column":16},"end":{"line":5,"column":21}},"2":{"start":{"line":6,"column":18},"end":{"line":6,"column":19}},"3":{"start":{"line":7,"column":2},"end":{"line":14,"column":null}},"4":{"start":{"line":8,"column":4},"end":{"line":10,"column":null}},"5":{"start":{"line":9,"column":6},"end":{"line":9,"column":21}},"6":{"start":{"line":11,"column":4},"end":{"line":13,"column":null}},"7":{"start":{"line":12,"column":6},"end":{"line":12,"column":28}},"8":{"start":{"line":15,"column":2},"end":{"line":15,"column":30}},"9":{"start":{"line":18,"column":2},"end":{"line":21,"column":null}},"10":{"start":{"line":19,"column":4},"end":{"line":19,"column":17}},"11":{"start":{"line":20,"column":4},"end":{"line":20,"column":24}},"12":{"start":{"line":23,"column":12},"end":{"line":23,"column":13}},"13":{"start":{"line":24,"column":2},"end":{"line":24,"column":32}},"14":{"start":{"line":27,"column":2},"end":{"line":29,"column":null}},"15":{"start":{"line":28,"column":4},"end":{"line":28,"column":12}},"16":{"start":{"line":30,"column":2},"end":{"line":30,"column":13}},"17":{"start":{"line":2,"column":0},"end":{"line":2,"column":16}}},"fnMap":{"0":{"name":"reverse","decl":{"start":{"line":2,"column":16},"end":{"line":2,"column":23}},"loc":{"start":{"line":2,"column":33},"end":{"line":31,"column":1}}}},"branchMap":{"0":{"loc":{"start":{"line":8,"column":4},"end":{"line":10,"column":null}},"type":"if","locations":[{"start":{"line":8,"column":4},"end":{"line":10,"column":null}},{"start":{"line":8,"column":4},"end":{"line":10,"column":null}}]},"1":{"loc":{"start":{"line":11,"column":4},"end":{"line":13,"column":null}},"type":"if","locations":[{"start":{"line":11,"column":4},"end":{"line":13,"column":null}},{"start":{"line":11,"column":4},"end":{"line":13,"column":null}}]},"2":{"loc":{"start":{"line":11,"column":7},"end":{"line":11,"column":24}},"type":"binary-expr","locations":[{"start":{"line":11,"column":7},"end":{"line":11,"column":24}},{"start":{"line":11,"column":28},"end":{"line":11,"column":36}}]},"3":{"loc":{"start":{"line":18,"column":2},"end":{"line":21,"column":null}},"type":"if","locations":[{"start":{"line":18,"column":2},"end":{"line":21,"column":null}},{"start":{"line":18,"column":2},"end":{"line":21,"column":null}}]},"4":{"loc":{"start":{"line":27,"column":2},"end":{"line":29,"column":null}},"type":"if","locations":[{"start":{"line":27,"column":2},"end":{"line":29,"column":null}},{"start":{"line":27,"column":2},"end":{"line":29,"column":null}}]},"5":{"loc":{"start":{"line":27,"column":5},"end":{"line":27,"column":26}},"type":"binary-expr","locations":[{"start":{"line":27,"column":5},"end":{"line":27,"column":26}},{"start":{"line":27,"column":30},"end":{"line":27,"column":51}}]}},"s":{"0":2,"1":2,"2":2,"3":2,"4":6,"5":6,"6":6,"7":0,"8":2,"9":2,"10":0,"11":0,"12":2,"13":2,"14":2,"15":0,"16":2,"17":1},"f":{"0":2},"b":{"0":[6,0],"1":[0,6],"2":[6,0],"3":[0,2],"4":[0,2],"5":[2,2]}}
}
